This file contains any messages produced by compilers while
running configure, to aid debugging if configure makes a mistake.

It was created by configure, which was
generated by GNU Autoconf 2.69.  Invocation command line was

  $ ./configure --with-backend=OPENMP

## --------- ##
## Platform. ##
## --------- ##

hostname = pc43.cs.ucdavis.edu
uname -m = x86_64
uname -r = 4.4.4-200.fc22.x86_64
uname -s = Linux
uname -v = #1 SMP Fri Mar 4 20:06:29 UTC 2016

/usr/bin/uname -p = x86_64
/bin/uname -X     = unknown

/bin/arch              = x86_64
/usr/bin/arch -k       = unknown
/usr/convex/getsysinfo = unknown
/usr/bin/hostinfo      = unknown
/bin/machine           = unknown
/usr/bin/oslevel       = unknown
/bin/universe          = unknown

PATH: /usr/lib64/qt-3.3/bin
PATH: /usr/lib64/ccache
PATH: /usr/local/bin
PATH: /usr/bin
PATH: /usr/local/sbin
PATH: /usr/sbin
PATH: /pkg/bin
PATH: /usr/local/bin
PATH: /opt/altera9.1/quartus/bin
PATH: .
PATH: /usr/java/latest
PATH: /usr/local/cuda/bin


## ----------- ##
## Core tests. ##
## ----------- ##

configure:2074: checking thrust backend
configure:2089: result: Using OpenMP backend
configure:2149: checking for g++
configure:2165: found /usr/lib64/ccache/g++
configure:2176: result: g++
configure:2203: checking for C++ compiler version
configure:2212: g++ --version >&5
g++ (GCC) 5.3.1 20151207 (Red Hat 5.3.1-2)
Copyright (C) 2015 Free Software Foundation, Inc.
This is free software; see the source for copying conditions.  There is NO
warranty; not even for MERCHANTABILITY or FITNESS FOR A PARTICULAR PURPOSE.

configure:2223: $? = 0
configure:2212: g++ -v >&5
Using built-in specs.
COLLECT_GCC=/usr/bin/g++
COLLECT_LTO_WRAPPER=/usr/libexec/gcc/x86_64-redhat-linux/5.3.1/lto-wrapper
Target: x86_64-redhat-linux
Configured with: ../configure --enable-bootstrap --enable-languages=c,c++,objc,obj-c++,fortran,ada,go,lto --prefix=/usr --mandir=/usr/share/man --infodir=/usr/share/info --with-bugurl=http://bugzilla.redhat.com/bugzilla --enable-shared --enable-threads=posix --enable-checking=release --enable-multilib --with-system-zlib --enable-__cxa_atexit --disable-libunwind-exceptions --enable-gnu-unique-object --enable-linker-build-id --with-linker-hash-style=gnu --enable-plugin --enable-initfini-array --disable-libgcj --with-default-libstdcxx-abi=gcc4-compatible --with-isl --enable-libmpx --enable-gnu-indirect-function --with-tune=generic --with-arch_32=i686 --build=x86_64-redhat-linux
Thread model: posix
gcc version 5.3.1 20151207 (Red Hat 5.3.1-2) (GCC) 
configure:2223: $? = 0
configure:2212: g++ -V >&5
g++: error: unrecognized command line option '-V'
g++: fatal error: no input files
compilation terminated.
configure:2223: $? = 1
configure:2212: g++ -qversion >&5
g++: error: unrecognized command line option '-qversion'
g++: fatal error: no input files
compilation terminated.
configure:2223: $? = 1
configure:2243: checking whether the C++ compiler works
configure:2265: g++    conftest.cpp  >&5
configure:2269: $? = 0
configure:2317: result: yes
configure:2320: checking for C++ compiler default output file name
configure:2322: result: a.out
configure:2328: checking for suffix of executables
configure:2335: g++ -o conftest    conftest.cpp  >&5
configure:2339: $? = 0
configure:2361: result: 
configure:2383: checking whether we are cross compiling
configure:2391: g++ -o conftest    conftest.cpp  >&5
configure:2395: $? = 0
configure:2402: ./conftest
configure:2406: $? = 0
configure:2421: result: no
configure:2426: checking for suffix of object files
configure:2448: g++ -c   conftest.cpp >&5
configure:2452: $? = 0
configure:2473: result: o
configure:2477: checking whether we are using the GNU C++ compiler
configure:2496: g++ -c   conftest.cpp >&5
configure:2496: $? = 0
configure:2505: result: yes
configure:2514: checking whether g++ accepts -g
configure:2534: g++ -c -g  conftest.cpp >&5
configure:2534: $? = 0
configure:2575: result: yes
configure:2614: checking for g++ option to support OpenMP
configure:2629: g++ -o conftest -g -O2   conftest.cpp  >&5
conftest.cpp:11:2: error: 'choke' does not name a type
  choke me
  ^
In file included from conftest.cpp:13:0:
/usr/lib/gcc/x86_64-redhat-linux/5.3.1/include/omp.h:39:3: error: 'omp_lock_t' does not name a type
 } omp_lock_t;
   ^
/usr/lib/gcc/x86_64-redhat-linux/5.3.1/include/omp.h:86:28: error: variable or field 'omp_init_lock' declared void
 extern void omp_init_lock (omp_lock_t *) __GOMP_NOTHROW;
                            ^
/usr/lib/gcc/x86_64-redhat-linux/5.3.1/include/omp.h:86:28: error: 'omp_lock_t' was not declared in this scope
/usr/lib/gcc/x86_64-redhat-linux/5.3.1/include/omp.h:86:40: error: expected primary-expression before ')' token
 extern void omp_init_lock (omp_lock_t *) __GOMP_NOTHROW;
                                        ^
/usr/lib/gcc/x86_64-redhat-linux/5.3.1/include/omp.h:87:31: error: variable or field 'omp_destroy_lock' declared void
 extern void omp_destroy_lock (omp_lock_t *) __GOMP_NOTHROW;
                               ^
/usr/lib/gcc/x86_64-redhat-linux/5.3.1/include/omp.h:87:31: error: 'omp_lock_t' was not declared in this scope
/usr/lib/gcc/x86_64-redhat-linux/5.3.1/include/omp.h:87:43: error: expected primary-expression before ')' token
 extern void omp_destroy_lock (omp_lock_t *) __GOMP_NOTHROW;
                                           ^
/usr/lib/gcc/x86_64-redhat-linux/5.3.1/include/omp.h:88:27: error: variable or field 'omp_set_lock' declared void
 extern void omp_set_lock (omp_lock_t *) __GOMP_NOTHROW;
                           ^
/usr/lib/gcc/x86_64-redhat-linux/5.3.1/include/omp.h:88:27: error: 'omp_lock_t' was not declared in this scope
/usr/lib/gcc/x86_64-redhat-linux/5.3.1/include/omp.h:88:39: error: expected primary-expression before ')' token
 extern void omp_set_lock (omp_lock_t *) __GOMP_NOTHROW;
                                       ^
/usr/lib/gcc/x86_64-redhat-linux/5.3.1/include/omp.h:89:29: error: variable or field 'omp_unset_lock' declared void
 extern void omp_unset_lock (omp_lock_t *) __GOMP_NOTHROW;
                             ^
/usr/lib/gcc/x86_64-redhat-linux/5.3.1/include/omp.h:89:29: error: 'omp_lock_t' was not declared in this scope
/usr/lib/gcc/x86_64-redhat-linux/5.3.1/include/omp.h:89:41: error: expected primary-expression before ')' token
 extern void omp_unset_lock (omp_lock_t *) __GOMP_NOTHROW;
                                         ^
/usr/lib/gcc/x86_64-redhat-linux/5.3.1/include/omp.h:90:27: error: 'omp_lock_t' was not declared in this scope
 extern int omp_test_lock (omp_lock_t *) __GOMP_NOTHROW;
                           ^
/usr/lib/gcc/x86_64-redhat-linux/5.3.1/include/omp.h:90:39: error: expected primary-expression before ')' token
 extern int omp_test_lock (omp_lock_t *) __GOMP_NOTHROW;
                                       ^
/usr/lib/gcc/x86_64-redhat-linux/5.3.1/include/omp.h:90:41: error: expected ',' or ';' before 'throw'
 extern int omp_test_lock (omp_lock_t *) __GOMP_NOTHROW;
                                         ^
configure:2629: $? = 1
configure: failed program was:
| /* confdefs.h */
| #define PACKAGE_NAME ""
| #define PACKAGE_TARNAME ""
| #define PACKAGE_VERSION ""
| #define PACKAGE_STRING ""
| #define PACKAGE_BUGREPORT ""
| #define PACKAGE_URL ""
| /* end confdefs.h.  */
| 
| #ifndef _OPENMP
|  choke me
| #endif
| #include <omp.h>
| int main () { return omp_get_num_threads (); }
| 
configure:2647: g++ -o conftest -g -O2 -fopenmp   conftest.cpp  >&5
configure:2647: $? = 0
configure:2661: result: -fopenmp
configure:3848: creating ./config.status

## ---------------------- ##
## Running config.status. ##
## ---------------------- ##

This file was extended by config.status, which was
generated by GNU Autoconf 2.69.  Invocation command line was

  CONFIG_FILES    = 
  CONFIG_HEADERS  = 
  CONFIG_LINKS    = 
  CONFIG_COMMANDS = 
  $ ./config.status 

on pc43.cs.ucdavis.edu

config.status:727: creating src/Makevars

## ---------------- ##
## Cache variables. ##
## ---------------- ##

ac_cv_cxx_compiler_gnu=yes
ac_cv_env_CCC_set=
ac_cv_env_CCC_value=
ac_cv_env_CPPFLAGS_set=
ac_cv_env_CPPFLAGS_value=
ac_cv_env_CXXCPP_set=
ac_cv_env_CXXCPP_value=
ac_cv_env_CXXFLAGS_set=
ac_cv_env_CXXFLAGS_value=
ac_cv_env_CXX_set=
ac_cv_env_CXX_value=
ac_cv_env_LDFLAGS_set=
ac_cv_env_LDFLAGS_value=
ac_cv_env_LIBS_set=
ac_cv_env_LIBS_value=
ac_cv_env_build_alias_set=
ac_cv_env_build_alias_value=
ac_cv_env_host_alias_set=
ac_cv_env_host_alias_value=
ac_cv_env_target_alias_set=
ac_cv_env_target_alias_value=
ac_cv_objext=o
ac_cv_prog_ac_ct_CXX=g++
ac_cv_prog_cxx_g=yes
ac_cv_prog_cxx_openmp=-fopenmp

## ----------------- ##
## Output variables. ##
## ----------------- ##

BACKEND='OPENMP'
CPPFLAGS=''
CUDA_INCS=''
CXX='g++'
CXXCPP=''
CXXFLAGS='-g -O2'
DEFS='-DPACKAGE_NAME=\"\" -DPACKAGE_TARNAME=\"\" -DPACKAGE_VERSION=\"\" -DPACKAGE_STRING=\"\" -DPACKAGE_BUGREPORT=\"\" -DPACKAGE_URL=\"\"'
ECHO_C=''
ECHO_N='-n'
ECHO_T=''
EGREP=''
EXEEXT=''
GREP=''
LDFLAGS=''
LIBOBJS=''
LIBS=''
LTLIBOBJS=''
NVCC=''
OBJEXT='o'
OPENMP_CXXFLAGS='-fopenmp'
PACKAGE_BUGREPORT=''
PACKAGE_NAME=''
PACKAGE_STRING=''
PACKAGE_TARNAME=''
PACKAGE_URL=''
PACKAGE_VERSION=''
PATH_SEPARATOR=':'
RTH_CPPFLAGS='-DTHRUST_DEVICE_SYSTEM=THRUST_DEVICE_SYSTEM_OMP $(SHLIB_OPENMP_CXXFLAGS)'
RTH_LDFLAGS=''
SHELL='/bin/sh'
ac_ct_CXX='g++'
bindir='${exec_prefix}/bin'
build_alias=''
datadir='${datarootdir}'
datarootdir='${prefix}/share'
docdir='${datarootdir}/doc/${PACKAGE}'
dvidir='${docdir}'
exec_prefix='${prefix}'
host_alias=''
htmldir='${docdir}'
includedir='${prefix}/include'
infodir='${datarootdir}/info'
libdir='${exec_prefix}/lib'
libexecdir='${exec_prefix}/libexec'
localedir='${datarootdir}/locale'
localstatedir='${prefix}/var'
mandir='${datarootdir}/man'
oldincludedir='/usr/include'
pdfdir='${docdir}'
prefix='/usr/local'
program_transform_name='s,x,x,'
psdir='${docdir}'
sbindir='${exec_prefix}/sbin'
sharedstatedir='${prefix}/com'
sysconfdir='${prefix}/etc'
target_alias=''

## ----------- ##
## confdefs.h. ##
## ----------- ##

/* confdefs.h */
#define PACKAGE_NAME ""
#define PACKAGE_TARNAME ""
#define PACKAGE_VERSION ""
#define PACKAGE_STRING ""
#define PACKAGE_BUGREPORT ""
#define PACKAGE_URL ""

configure: exit 0
